<?xml version="1.0" encoding="UTF-8"?>
<!-- Generated by org.testng.reporters.JUnitXMLReporter -->
<testsuite ignored="11" hostname="DESKTOP-08EDGK2" failures="0" tests="4" name="Default test" time="6.127" errors="0" timestamp="2023-09-28T21:10:23 EDT">
  <testcase classname="module1.Array" name="@AfterClass closeBrowser" time="0.019">
    <failure type="org.openqa.selenium.UnhandledAlertException" message="unexpected alert open: {Alert text : NameError: name &amp;apos;Hello&amp;apos; is not defined on line 1}
  (Session info: chrome=117.0.5938.132): NameError: name &amp;apos;Hello&amp;apos; is not defined on line 1
Build info: version: &amp;apos;4.12.1&amp;apos;, revision: &amp;apos;8e34639b11&amp;apos;
System info: os.name: &amp;apos;Windows 11&amp;apos;, os.arch: &amp;apos;amd64&amp;apos;, os.version: &amp;apos;10.0&amp;apos;, java.version: &amp;apos;20.0.2&amp;apos;
Driver info: org.openqa.selenium.chrome.ChromeDriver
Command: [f83608c81b988d016bad654f2eeae461, close {}]
Capabilities {acceptInsecureCerts: false, browserName: chrome, browserVersion: 117.0.5938.132, chrome: {chromedriverVersion: 117.0.5938.92 (67649b10b92b..., userDataDir: C:\Users\reshm\AppData\Loca...}, fedcm:accounts: true, goog:chromeOptions: {debuggerAddress: localhost:60248}, networkConnectionEnabled: false, pageLoadStrategy: normal, platformName: windows, proxy: Proxy(), se:cdp: ws://localhost:60248/devtoo..., se:cdpVersion: 117.0.5938.132, setWindowRect: true, strictFileInteractability: false, timeouts: {implicit: 0, pageLoad: 300000, script: 30000}, unhandledPromptBehavior: dismiss and notify, webauthn:extension:credBlob: true, webauthn:extension:largeBlob: true, webauthn:extension:minPinLength: true, webauthn:extension:prf: true, webauthn:virtualAuthenticators: true}
Session ID: f83608c81b988d016bad654f2eeae461">
      <![CDATA[org.openqa.selenium.UnhandledAlertException: unexpected alert open: {Alert text : NameError: name 'Hello' is not defined on line 1}
  (Session info: chrome=117.0.5938.132): NameError: name 'Hello' is not defined on line 1
Build info: version: '4.12.1', revision: '8e34639b11'
System info: os.name: 'Windows 11', os.arch: 'amd64', os.version: '10.0', java.version: '20.0.2'
Driver info: org.openqa.selenium.chrome.ChromeDriver
Command: [f83608c81b988d016bad654f2eeae461, close {}]
Capabilities {acceptInsecureCerts: false, browserName: chrome, browserVersion: 117.0.5938.132, chrome: {chromedriverVersion: 117.0.5938.92 (67649b10b92b..., userDataDir: C:\Users\reshm\AppData\Loca...}, fedcm:accounts: true, goog:chromeOptions: {debuggerAddress: localhost:60248}, networkConnectionEnabled: false, pageLoadStrategy: normal, platformName: windows, proxy: Proxy(), se:cdp: ws://localhost:60248/devtoo..., se:cdpVersion: 117.0.5938.132, setWindowRect: true, strictFileInteractability: false, timeouts: {implicit: 0, pageLoad: 300000, script: 30000}, unhandledPromptBehavior: dismiss and notify, webauthn:extension:credBlob: true, webauthn:extension:largeBlob: true, webauthn:extension:minPinLength: true, webauthn:extension:prf: true, webauthn:virtualAuthenticators: true}
Session ID: f83608c81b988d016bad654f2eeae461
at org.openqa.selenium.remote.codec.w3c.W3CHttpResponseCodec.decode(W3CHttpResponseCodec.java:131)
at org.openqa.selenium.remote.codec.w3c.W3CHttpResponseCodec.decode(W3CHttpResponseCodec.java:52)
at org.openqa.selenium.remote.HttpCommandExecutor.execute(HttpCommandExecutor.java:191)
at org.openqa.selenium.remote.service.DriverCommandExecutor.invokeExecute(DriverCommandExecutor.java:196)
at org.openqa.selenium.remote.service.DriverCommandExecutor.execute(DriverCommandExecutor.java:171)
at org.openqa.selenium.remote.RemoteWebDriver.execute(RemoteWebDriver.java:602)
at org.openqa.selenium.remote.RemoteWebDriver.execute(RemoteWebDriver.java:675)
at org.openqa.selenium.remote.RemoteWebDriver.execute(RemoteWebDriver.java:679)
at org.openqa.selenium.remote.RemoteWebDriver.close(RemoteWebDriver.java:409)
at module1.Array.closeBrowser(Array.java:224)
at java.base/jdk.internal.reflect.DirectMethodHandleAccessor.invoke(DirectMethodHandleAccessor.java:104)
at java.base/java.lang.reflect.Method.invoke(Method.java:578)
at org.testng.internal.invokers.MethodInvocationHelper.invokeMethod(MethodInvocationHelper.java:139)
at org.testng.internal.invokers.MethodInvocationHelper.invokeMethodConsideringTimeout(MethodInvocationHelper.java:69)
at org.testng.internal.invokers.ConfigInvoker.invokeConfigurationMethod(ConfigInvoker.java:390)
at org.testng.internal.invokers.ConfigInvoker.invokeConfigurations(ConfigInvoker.java:325)
at org.testng.internal.invokers.TestMethodWorker.invokeAfterClassConfigurations(TestMethodWorker.java:229)
at org.testng.internal.invokers.TestMethodWorker.invokeAfterClassMethods(TestMethodWorker.java:215)
at org.testng.internal.invokers.TestMethodWorker.run(TestMethodWorker.java:131)
at java.base/java.util.ArrayList.forEach(ArrayList.java:1511)
at org.testng.TestRunner.privateRun(TestRunner.java:848)
at org.testng.TestRunner.run(TestRunner.java:621)
at org.testng.SuiteRunner.runTest(SuiteRunner.java:443)
at org.testng.SuiteRunner.runSequentially(SuiteRunner.java:437)
at org.testng.SuiteRunner.privateRun(SuiteRunner.java:397)
at org.testng.SuiteRunner.run(SuiteRunner.java:336)
at org.testng.SuiteRunnerWorker.runSuite(SuiteRunnerWorker.java:52)
at org.testng.SuiteRunnerWorker.run(SuiteRunnerWorker.java:95)
at org.testng.TestNG.runSuitesSequentially(TestNG.java:1280)
at org.testng.TestNG.runSuitesLocally(TestNG.java:1200)
at org.testng.TestNG.runSuites(TestNG.java:1114)
at org.testng.TestNG.run(TestNG.java:1082)
at org.testng.remote.AbstractRemoteTestNG.run(AbstractRemoteTestNG.java:115)
at org.testng.remote.RemoteTestNG.initAndRun(RemoteTestNG.java:251)
at org.testng.remote.RemoteTestNG.main(RemoteTestNG.java:77)
]]>
    </failure>
  </testcase> <!-- @AfterClass closeBrowser -->
  <testcase classname="module1.Array" name="clickdrpdownArray" time="0.391"/>
  <testcase classname="module1.Array" name="ArrayPage" time="0.483"/>
  <testcase classname="module1.Array" name="TryHereLinkArrayInPython" time="1.05"/>
  <testcase classname="module1.Array" name="TextboxToEnterTheCode_ArrayInPython" time="0.365"/>
  <testcase classname="module1.Array" name="TryHereApplicationOfArray" time="0.0">
    <ignored/>
  </testcase> <!-- TryHereApplicationOfArray -->
  <testcase classname="module1.Array" name="TryHereBasicOperationList" time="0.0">
    <ignored/>
  </testcase> <!-- TryHereBasicOperationList -->
  <testcase classname="module1.Array" name="ArraysUsingListClick" time="0.0">
    <ignored/>
  </testcase> <!-- ArraysUsingListClick -->
  <testcase classname="module1.Array" name="FindNumberWithEvenNumber" time="0.0">
    <ignored/>
  </testcase> <!-- FindNumberWithEvenNumber -->
  <testcase classname="module1.Array" name="MaxConsecutiveOnes" time="0.0">
    <ignored/>
  </testcase> <!-- MaxConsecutiveOnes -->
  <testcase classname="module1.Array" name="SquaresOfSortedArray" time="0.0">
    <ignored/>
  </testcase> <!-- SquaresOfSortedArray -->
  <testcase classname="module1.Array" name="BasicOperationListClick" time="0.0">
    <ignored/>
  </testcase> <!-- BasicOperationListClick -->
  <testcase classname="module1.Array" name="TryHereArraysUsingList" time="0.0">
    <ignored/>
  </testcase> <!-- TryHereArraysUsingList -->
  <testcase classname="module1.Array" name="ApplicationOfArrayClick" time="0.0">
    <ignored/>
  </testcase> <!-- ApplicationOfArrayClick -->
  <testcase classname="module1.Array" name="PracticeQuestions" time="0.0">
    <ignored/>
  </testcase> <!-- PracticeQuestions -->
  <testcase classname="module1.Array" name="SearchTheArray" time="0.0">
    <ignored/>
  </testcase> <!-- SearchTheArray -->
</testsuite> <!-- Default test -->
