<?xml version="1.0" encoding="UTF-8"?>
<!-- Generated by org.testng.reporters.JUnitReportReporter -->
<testsuite hostname="DESKTOP-08EDGK2" failures="0" tests="18" name="module1.LinkedList" time="6.632" errors="1" timestamp="2023-09-25T15:39:00 EDT" skipped="0">
  <testcase classname="module1.LinkedList" name="InsertionLink" time="0.324"/>
  <testcase classname="module1.LinkedList" name="TryHereLinkinCreatingLinkList" time="0.419"/>
  <testcase classname="module1.LinkedList" name="PracticeQuestionLink" time="0.244"/>
  <testcase classname="module1.LinkedList" name="TryHereLinkofLinkedList" time="0.538"/>
  <testcase classname="module1.LinkedList" name="TryHereLinkOfImplimentLink" time="0.398"/>
  <testcase classname="module1.LinkedList" name="CreatelinkedList" time="0.298"/>
  <testcase classname="module1.LinkedList" name="TryHereLinkOfTraversal" time="0.468"/>
  <testcase classname="module1.LinkedList" name="TextboxToEnterTheCode" time="0.301"/>
  <testcase classname="module1.LinkedList" name="implimentLinkListInPython" time="0.320"/>
  <testcase classname="module1.LinkedList" name="DeletionLink" time="0.320"/>
  <testcase classname="module1.LinkedList" name="TryHereLinkedList" time="0.354"/>
  <testcase classname="module1.LinkedList" name="TraversalLink" time="0.269"/>
  <testcase classname="module1.LinkedList" name="TypesOfLinkListLink" time="0.392"/>
  <testcase classname="module1.LinkedList" name="ClickOnLinkedList" time="0.313"/>
  <testcase classname="module1.LinkedList" name="TryHereLinkOfDeletion" time="0.941"/>
  <testcase classname="module1.LinkedList" name="TryHereLinkOfInsertion" time="0.306"/>
  <testcase classname="module1.LinkedList" name="clickonIntroduction" time="0.422"/>
  <testcase classname="module1.LinkedList" name="RunButton" time="0.005">
    <error message="unexpected alert open: {Alert text : NameError: name &#039;Hello&#039; is not defined on line 1}
  (Session info: chrome=117.0.5938.92): NameError: name &#039;Hello&#039; is not defined on line 1
Build info: version: &#039;4.12.1&#039;, revision: &#039;8e34639b11&#039;
System info: os.name: &#039;Windows 11&#039;, os.arch: &#039;amd64&#039;, os.version: &#039;10.0&#039;, java.version: &#039;20.0.2&#039;
Driver info: org.openqa.selenium.chrome.ChromeDriver
Command: [11e78b061c7b12b9948d624dbe3d13c1, get {url=https://dsportalapp.herokuapp.com/tryEditor}]
Capabilities {acceptInsecureCerts: false, browserName: chrome, browserVersion: 117.0.5938.92, chrome: {chromedriverVersion: 117.0.5938.92 (67649b10b92b..., userDataDir: C:\Users\reshm\AppData\Loca...}, fedcm:accounts: true, goog:chromeOptions: {debuggerAddress: localhost:53388}, networkConnectionEnabled: false, pageLoadStrategy: normal, platformName: windows, proxy: Proxy(), se:cdp: ws://localhost:53388/devtoo..., se:cdpVersion: 117.0.5938.92, setWindowRect: true, strictFileInteractability: false, timeouts: {implicit: 0, pageLoad: 300000, script: 30000}, unhandledPromptBehavior: dismiss and notify, webauthn:extension:credBlob: true, webauthn:extension:largeBlob: true, webauthn:extension:minPinLength: true, webauthn:extension:prf: true, webauthn:virtualAuthenticators: true}
Session ID: 11e78b061c7b12b9948d624dbe3d13c1" type="org.openqa.selenium.UnhandledAlertException">
      <![CDATA[org.openqa.selenium.UnhandledAlertException: unexpected alert open: {Alert text : NameError: name 'Hello' is not defined on line 1}
  (Session info: chrome=117.0.5938.92): NameError: name 'Hello' is not defined on line 1
Build info: version: '4.12.1', revision: '8e34639b11'
System info: os.name: 'Windows 11', os.arch: 'amd64', os.version: '10.0', java.version: '20.0.2'
Driver info: org.openqa.selenium.chrome.ChromeDriver
Command: [11e78b061c7b12b9948d624dbe3d13c1, get {url=https://dsportalapp.herokuapp.com/tryEditor}]
Capabilities {acceptInsecureCerts: false, browserName: chrome, browserVersion: 117.0.5938.92, chrome: {chromedriverVersion: 117.0.5938.92 (67649b10b92b..., userDataDir: C:\Users\reshm\AppData\Loca...}, fedcm:accounts: true, goog:chromeOptions: {debuggerAddress: localhost:53388}, networkConnectionEnabled: false, pageLoadStrategy: normal, platformName: windows, proxy: Proxy(), se:cdp: ws://localhost:53388/devtoo..., se:cdpVersion: 117.0.5938.92, setWindowRect: true, strictFileInteractability: false, timeouts: {implicit: 0, pageLoad: 300000, script: 30000}, unhandledPromptBehavior: dismiss and notify, webauthn:extension:credBlob: true, webauthn:extension:largeBlob: true, webauthn:extension:minPinLength: true, webauthn:extension:prf: true, webauthn:virtualAuthenticators: true}
Session ID: 11e78b061c7b12b9948d624dbe3d13c1
at org.openqa.selenium.remote.codec.w3c.W3CHttpResponseCodec.decode(W3CHttpResponseCodec.java:131)
at org.openqa.selenium.remote.codec.w3c.W3CHttpResponseCodec.decode(W3CHttpResponseCodec.java:52)
at org.openqa.selenium.remote.HttpCommandExecutor.execute(HttpCommandExecutor.java:191)
at org.openqa.selenium.remote.service.DriverCommandExecutor.invokeExecute(DriverCommandExecutor.java:196)
at org.openqa.selenium.remote.service.DriverCommandExecutor.execute(DriverCommandExecutor.java:171)
at org.openqa.selenium.remote.RemoteWebDriver.execute(RemoteWebDriver.java:602)
at org.openqa.selenium.remote.RemoteWebDriver.get(RemoteWebDriver.java:304)
at module1.LinkedList.RunButton(LinkedList.java:93)
at java.base/jdk.internal.reflect.DirectMethodHandleAccessor.invoke(DirectMethodHandleAccessor.java:104)
at java.base/java.lang.reflect.Method.invoke(Method.java:578)
at org.testng.internal.invokers.MethodInvocationHelper.invokeMethod(MethodInvocationHelper.java:139)
at org.testng.internal.invokers.TestInvoker.invokeMethod(TestInvoker.java:664)
at org.testng.internal.invokers.TestInvoker.invokeTestMethod(TestInvoker.java:227)
at org.testng.internal.invokers.MethodRunner.runInSequence(MethodRunner.java:50)
at org.testng.internal.invokers.TestInvoker$MethodInvocationAgent.invoke(TestInvoker.java:957)
at org.testng.internal.invokers.TestInvoker.invokeTestMethods(TestInvoker.java:200)
at org.testng.internal.invokers.TestMethodWorker.invokeTestMethods(TestMethodWorker.java:148)
at org.testng.internal.invokers.TestMethodWorker.run(TestMethodWorker.java:128)
at java.base/java.util.ArrayList.forEach(ArrayList.java:1511)
at org.testng.TestRunner.privateRun(TestRunner.java:848)
at org.testng.TestRunner.run(TestRunner.java:621)
at org.testng.SuiteRunner.runTest(SuiteRunner.java:443)
at org.testng.SuiteRunner.runSequentially(SuiteRunner.java:437)
at org.testng.SuiteRunner.privateRun(SuiteRunner.java:397)
at org.testng.SuiteRunner.run(SuiteRunner.java:336)
at org.testng.SuiteRunnerWorker.runSuite(SuiteRunnerWorker.java:52)
at org.testng.SuiteRunnerWorker.run(SuiteRunnerWorker.java:95)
at org.testng.TestNG.runSuitesSequentially(TestNG.java:1280)
at org.testng.TestNG.runSuitesLocally(TestNG.java:1200)
at org.testng.TestNG.runSuites(TestNG.java:1114)
at org.testng.TestNG.run(TestNG.java:1082)
at org.testng.remote.AbstractRemoteTestNG.run(AbstractRemoteTestNG.java:115)
at org.testng.remote.RemoteTestNG.initAndRun(RemoteTestNG.java:251)
at org.testng.remote.RemoteTestNG.main(RemoteTestNG.java:77)
]]>
    </error>
  </testcase> <!-- RunButton -->
</testsuite> <!-- module1.LinkedList -->
